0 info it worked if it ends with ok
1 verbose cli [ '/usr/local/bin/node', '/usr/local/bin/npm', 'start' ]
2 info using npm@1.3.23
3 info using node@v0.11.11-pre
4 verbose run-script [ 'prestart', 'start', 'poststart' ]
5 info prestart h2o@0.0.2
6 info start h2o@0.0.2
7 verbose unsafe-perm in lifecycle true
8 info h2o@0.0.2 Failed to exec start script
9 error h2o@0.0.2 start: `nodemon app.js`
9 error Exit status 1
10 error Failed at the h2o@0.0.2 start script.
10 error This is most likely a problem with the h2o package,
10 error not with npm itself.
10 error Tell the author that this fails on your system:
10 error     nodemon app.js
10 error You can get their info via:
10 error     npm owner ls h2o
10 error There is likely additional logging output above.
11 error System Linux 3.4.0
12 error command "/usr/local/bin/node" "/usr/local/bin/npm" "start"
13 error cwd /home/b3n0n/Downloads/aguamala
14 error node -v v0.11.11-pre
15 error npm -v 1.3.23
16 error code ELIFECYCLE
17 verbose exit [ 1, true ]
